<?xml version="1.0" encoding="UTF-8"?>
<testng-results total="1" passed="1" failed="0" skipped="0">
  <reporter-output>
  </reporter-output>
  <suite started-at="2021-01-15T19:15:01Z" name="Default suite" finished-at="2021-01-15T19:15:08Z" duration-ms="7812">
    <groups>
    </groups>
    <test started-at="2021-01-15T19:15:01Z" name="Default test" finished-at="2021-01-15T19:15:08Z" duration-ms="7812">
      <class name="testAppleBite.testAboutUsPageContent">
        <test-method is-config="true" signature="beforeMethod()[pri:0, instance:testAppleBite.testAboutUsPageContent@12a94400]" started-at="2021-01-15T14:15:01Z" name="beforeMethod" finished-at="2021-01-15T14:15:08Z" duration-ms="7109" status="PASS">
          <reporter-output>
          </reporter-output>
        </test-method> <!-- beforeMethod -->
        <test-method signature="validateAboutUs()[pri:0, instance:testAppleBite.testAboutUsPageContent@12a94400]" started-at="2021-01-15T14:15:08Z" name="validateAboutUs" finished-at="2021-01-15T14:15:08Z" duration-ms="446" status="PASS">
          <reporter-output>
          </reporter-output>
        </test-method> <!-- validateAboutUs -->
        <test-method is-config="true" signature="afterMethod()[pri:0, instance:testAppleBite.testAboutUsPageContent@12a94400]" started-at="2021-01-15T14:15:08Z" name="afterMethod" finished-at="2021-01-15T14:15:08Z" duration-ms="220" status="PASS">
          <reporter-output>
          </reporter-output>
        </test-method> <!-- afterMethod -->
      </class> <!-- testAppleBite.testAboutUsPageContent -->
    </test> <!-- Default test -->
  </suite> <!-- Default suite -->
</testng-results>
