<?xml version="1.0" encoding="UTF-8"?>
<testng-results total="1" passed="1" failed="0" skipped="0">
  <reporter-output>
  </reporter-output>
  <suite started-at="2021-01-15T18:04:53Z" name="appleBiteTestSuite" finished-at="2021-01-15T18:05:00Z" duration-ms="7544">
    <groups>
    </groups>
    <test started-at="2021-01-15T18:04:53Z" name="TestBatch" finished-at="2021-01-15T18:05:00Z" duration-ms="7544">
      <class name="testAppleBite.testAboutUsPageContent">
        <test-method is-config="true" signature="beforeMethod()[pri:0, instance:testAppleBite.testAboutUsPageContent@2002fc1d]" started-at="2021-01-15T13:04:53Z" name="beforeMethod" finished-at="2021-01-15T13:05:00Z" duration-ms="6951" status="PASS">
          <reporter-output>
          </reporter-output>
        </test-method> <!-- beforeMethod -->
        <test-method signature="validateAboutUs()[pri:0, instance:testAppleBite.testAboutUsPageContent@2002fc1d]" started-at="2021-01-15T13:05:00Z" name="validateAboutUs" finished-at="2021-01-15T13:05:00Z" duration-ms="376" status="PASS">
          <reporter-output>
          </reporter-output>
        </test-method> <!-- validateAboutUs -->
        <test-method is-config="true" signature="afterMethod()[pri:0, instance:testAppleBite.testAboutUsPageContent@2002fc1d]" started-at="2021-01-15T13:05:00Z" name="afterMethod" finished-at="2021-01-15T13:05:00Z" duration-ms="192" status="PASS">
          <reporter-output>
          </reporter-output>
        </test-method> <!-- afterMethod -->
      </class> <!-- testAppleBite.testAboutUsPageContent -->
    </test> <!-- TestBatch -->
  </suite> <!-- appleBiteTestSuite -->
</testng-results>
